<?xml version="1.0" encoding="UTF-8" ?>
<!--
  Licensed to the Apache Software Foundation (ASF) under one or more
  contributor license agreements.  See the NOTICE file distributed with
  this work for additional information regarding copyright ownership.
  The ASF licenses this file to You under the Apache License, Version 2.0
  (the "License"); you may not use this file except in compliance with
  the License.  You may obtain a copy of the License at

      https://www.apache.org/licenses/LICENSE-2.0

  Unless required by applicable law or agreed to in writing, software
  distributed under the License is distributed on an "AS IS" BASIS,
  WITHOUT WARRANTIES OR CONDITIONS OF ANY KIND, either express or implied.
  See the License for the specific language governing permissions and
  limitations under the License.
-->
<testsuite errors="0" failures="0" name="sampleproject.incomplete" tests="5" time="0.038">
  </properties>
  <testcase name="testEquals" time="0.0"></testcase>
  <testcase name="testHashCode" time="0.0"></testcase>
  <testcase name="testToString" time="0.0010"></testcase>
  <testcase name="testgetUniqueString" time="0.0"></testcase>
  <testcase name="testSerialization" time="0.024"></testcase>
  <system-out><![CDATA[testEquals
testHashCode
testToString
testgetUniqueString
testSerialization
]]></system-out>
  <system-err>
