<?xml version="1.0" encoding="UTF-8" ?>
<testsuite errors="1" failures="1" name="sampleproject.coins.CoinTest" tests="11" time="0.171">
  <properties>
[...]
</properties>
  <testcase name="testEquals" time="0.014"></testcase>
  <testcase name="testHashCode" time="0.0010"></testcase>
  <testcase name="testToString" time="0.0010"></testcase>
  <testcase name="testGetImageURL" time="0.0"></testcase>
  <testcase name="testGetCountry" time="0.0010"></testcase>
  <testcase name="testGetDenomination" time="0.0"></testcase>
  <testcase name="testGetYear" time="0.0"></testcase>
  <testcase name="testGetSubType" time="0.0"></testcase>
  <testcase name="testFail" time="0.0080">
    <failure message="DOEG" type="junit.framework.AssertionFailedError">junit.framework.AssertionFailedError: DOEG
	at sampleproject.coins.CoinTest.testFail(CoinTest.java:229)
</failure>
  </testcase>
  <testcase name="testException" time="0.0010">
    <error message="RTE" type="java.lang.RuntimeException">java.lang.RuntimeException: RTE
	at sampleproject.coins.CoinTest.testException(CoinTest.java:234)
</error>
  </testcase>
  <testcase name="testSuccess" time="0.0"></testcase>
  <system-out><![CDATA[testEquals
testHashCode
Hashcodes: 1434557225 1434557225 1434557226 1463186376 1434556908 1516980401 1434557225
testToString
<Coin=NL,1 Euro,1999,Var a/>
<Coin=NL,1 Euro,1999,null/>
testGetImageURL
testGetCountry
testGetDenomination
testGetYear
testGetSubType
testFail
testException
testSuccess
]]></system-out>
  <system-err><![CDATA[]]></system-err>
</testsuite>
